Removed Pin From Net: NetName=GND Pin=J1-4
Removed Pin From Net: NetName=GND Pin=J2-4
Removed Pin From Net: NetName=GND Pin=J3-4
Removed Pin From Net: NetName=GND Pin=J4-4
Removed Pin From Net: NetName=GND Pin=S2-1
Removed Pin From Net: NetName=VDD5 Pin=S2-2
Removed Pin From Net: NetName=BUSJ Pin=S2-3
Removed Pin From Net: NetName=NetIC1_3 Pin=Y1-1
Removed Pin From Net: NetName=NetIC1_2 Pin=Y1-2
Removed Member From Class: ClassName=USB_Board Member=S2
Removed Member From Class: ClassName=USB_Board Member=Y1
Change Component Designator: OldDesignator=C? NewDesignator=C3
Added Component: Designator=A1(HDR1X9)
Add component. Clean all parameters for all variants
Add component (AddParameter): Name = "LatestRevisionDate"; Value = "17-Jul-2002"; VariantName = "[No Variations]"
Add component (AddParameter): Name = "LatestRevisionNote"; Value = "Re-released for DXP Platform."; VariantName = "[No Variations]"
Add component (AddParameter): Name = "Publisher"; Value = "Altium Limited"; VariantName = "[No Variations]"
Added Component: Designator=IC2(DIP794W53P254L3467H457Q28N)
Add component. Clean all parameters for all variants
Add component (AddParameter): Name = "Datasheet Link"; Value = "http://ww1.microchip.com/downloads/en/DeviceDoc/Atmel-42735-8-bit-AVR-Microcontroller-ATmega328-328P_Datasheet.pdf"; VariantName = "[No Variations]"
Add component (AddParameter): Name = "Height"; Value = "4.572mm"; VariantName = "[No Variations]"
Add component (AddParameter): Name = "Manufacturer_Name"; Value = "Microchip"; VariantName = "[No Variations]"
Add component (AddParameter): Name = "Manufacturer_Part_Number"; Value = "ATMEGA328P-PU"; VariantName = "[No Variations]"
Add component (AddParameter): Name = "Mouser Part Number"; Value = "556-ATMEGA328P-PU"; VariantName = "[No Variations]"
Add component (AddParameter): Name = "Mouser Price/Stock"; Value = "https://www.mouser.com/Search/Refine.aspx?Keyword=556-ATMEGA328P-PU"; VariantName = "[No Variations]"
Add component (AddParameter): Name = "RS Part Number"; Value = "9222142P"; VariantName = "[No Variations]"
Add component (AddParameter): Name = "RS Price/Stock"; Value = "http://uk.rs-online.com/web/p/products/9222142P"; VariantName = "[No Variations]"
Added Component: Designator=L1(HDR1X3)
Add component. Clean all parameters for all variants
Add component (AddParameter): Name = "LatestRevisionDate"; Value = "17-Jul-2002"; VariantName = "[No Variations]"
Add component (AddParameter): Name = "LatestRevisionNote"; Value = "Re-released for DXP Platform."; VariantName = "[No Variations]"
Add component (AddParameter): Name = "Publisher"; Value = "Altium Limited"; VariantName = "[No Variations]"
Added Component: Designator=L2(HDR1X3)
Add component. Clean all parameters for all variants
Add component (AddParameter): Name = "LatestRevisionDate"; Value = "17-Jul-2002"; VariantName = "[No Variations]"
Add component (AddParameter): Name = "LatestRevisionNote"; Value = "Re-released for DXP Platform."; VariantName = "[No Variations]"
Add component (AddParameter): Name = "Publisher"; Value = "Altium Limited"; VariantName = "[No Variations]"
Added Component: Designator=O1(HC-49USX)
Add component. Clean all parameters for all variants
Add component (AddParameter): Name = "Datasheet Link"; Value = "https://ecsxtal.com/store/pdf/hc_49us.pdf"; VariantName = "[No Variations]"
Add component (AddParameter): Name = "Manufacturer_Name"; Value = "ECS"; VariantName = "[No Variations]"
Add component (AddParameter): Name = "Manufacturer_Part_Number"; Value = "ECS-120-20-4"; VariantName = "[No Variations]"
Add component (AddParameter): Name = "Mouser Part Number"; Value = "520-HCU1200-20"; VariantName = "[No Variations]"
Add component (AddParameter): Name = "Mouser Price/Stock"; Value = "https://www.mouser.com/Search/Refine.aspx?Keyword=520-HCU1200-20"; VariantName = "[No Variations]"
Add component (AddParameter): Name = "RS Part Number"; Value = ""; VariantName = "[No Variations]"
Add component (AddParameter): Name = "RS Price/Stock"; Value = ""; VariantName = "[No Variations]"
Added Component: Designator=P2(HDR1X2)
Add component. Clean all parameters for all variants
Add component (AddParameter): Name = "LatestRevisionDate"; Value = "17-Jul-2002"; VariantName = "[No Variations]"
Add component (AddParameter): Name = "LatestRevisionNote"; Value = "Re-released for DXP Platform."; VariantName = "[No Variations]"
Add component (AddParameter): Name = "Publisher"; Value = "Altium Limited"; VariantName = "[No Variations]"
Added Component: Designator=R2(J1-0603)
Add component. Clean all parameters for all variants
Add component (AddParameter): Name = "LatestRevisionDate"; Value = "29-May-2009"; VariantName = "[No Variations]"
Add component (AddParameter): Name = "LatestRevisionNote"; Value = "IPC-7351 Footprint Added."; VariantName = "[No Variations]"
Add component (AddParameter): Name = "PackageDescription"; Value = "Chip Resistor"; VariantName = "[No Variations]"
Add component (AddParameter): Name = "PackageReference"; Value = "J1-0603"; VariantName = "[No Variations]"
Add component (AddParameter): Name = "Published"; Value = "8-Jun-2000"; VariantName = "[No Variations]"
Add component (AddParameter): Name = "Publisher"; Value = "Altium Limited"; VariantName = "[No Variations]"
Add component (AddParameter): Name = "Value"; Value = "10K"; VariantName = "[No Variations]"
Added Component: Designator=R3(J1-0603)
Add component. Clean all parameters for all variants
Add component (AddParameter): Name = "LatestRevisionDate"; Value = "29-May-2009"; VariantName = "[No Variations]"
Add component (AddParameter): Name = "LatestRevisionNote"; Value = "IPC-7351 Footprint Added."; VariantName = "[No Variations]"
Add component (AddParameter): Name = "PackageDescription"; Value = "Chip Resistor"; VariantName = "[No Variations]"
Add component (AddParameter): Name = "PackageReference"; Value = "J1-0603"; VariantName = "[No Variations]"
Add component (AddParameter): Name = "Published"; Value = "8-Jun-2000"; VariantName = "[No Variations]"
Add component (AddParameter): Name = "Publisher"; Value = "Altium Limited"; VariantName = "[No Variations]"
Add component (AddParameter): Name = "Value"; Value = "1.5K"; VariantName = "[No Variations]"
Added Component: Designator=R4(J1-0603)
Add component. Clean all parameters for all variants
Add component (AddParameter): Name = "LatestRevisionDate"; Value = "29-May-2009"; VariantName = "[No Variations]"
Add component (AddParameter): Name = "LatestRevisionNote"; Value = "IPC-7351 Footprint Added."; VariantName = "[No Variations]"
Add component (AddParameter): Name = "PackageDescription"; Value = "Chip Resistor"; VariantName = "[No Variations]"
Add component (AddParameter): Name = "PackageReference"; Value = "J1-0603"; VariantName = "[No Variations]"
Add component (AddParameter): Name = "Published"; Value = "8-Jun-2000"; VariantName = "[No Variations]"
Add component (AddParameter): Name = "Publisher"; Value = "Altium Limited"; VariantName = "[No Variations]"
Add component (AddParameter): Name = "Value"; Value = "1.5K"; VariantName = "[No Variations]"
Added Component: Designator=R5(J1-0603)
Add component. Clean all parameters for all variants
Add component (AddParameter): Name = "LatestRevisionDate"; Value = "29-May-2009"; VariantName = "[No Variations]"
Add component (AddParameter): Name = "LatestRevisionNote"; Value = "IPC-7351 Footprint Added."; VariantName = "[No Variations]"
Add component (AddParameter): Name = "PackageDescription"; Value = "Chip Resistor"; VariantName = "[No Variations]"
Add component (AddParameter): Name = "PackageReference"; Value = "J1-0603"; VariantName = "[No Variations]"
Add component (AddParameter): Name = "Published"; Value = "8-Jun-2000"; VariantName = "[No Variations]"
Add component (AddParameter): Name = "Publisher"; Value = "Altium Limited"; VariantName = "[No Variations]"
Add component (AddParameter): Name = "Value"; Value = "1.5K"; VariantName = "[No Variations]"
Added Component: Designator=R6(J1-0603)
Add component. Clean all parameters for all variants
Add component (AddParameter): Name = "LatestRevisionDate"; Value = "29-May-2009"; VariantName = "[No Variations]"
Add component (AddParameter): Name = "LatestRevisionNote"; Value = "IPC-7351 Footprint Added."; VariantName = "[No Variations]"
Add component (AddParameter): Name = "PackageDescription"; Value = "Chip Resistor"; VariantName = "[No Variations]"
Add component (AddParameter): Name = "PackageReference"; Value = "J1-0603"; VariantName = "[No Variations]"
Add component (AddParameter): Name = "Published"; Value = "8-Jun-2000"; VariantName = "[No Variations]"
Add component (AddParameter): Name = "Publisher"; Value = "Altium Limited"; VariantName = "[No Variations]"
Add component (AddParameter): Name = "Value"; Value = "1.5K"; VariantName = "[No Variations]"
Added Component: Designator=R7(J1-0603)
Add component. Clean all parameters for all variants
Add component (AddParameter): Name = "LatestRevisionDate"; Value = "29-May-2009"; VariantName = "[No Variations]"
Add component (AddParameter): Name = "LatestRevisionNote"; Value = "IPC-7351 Footprint Added."; VariantName = "[No Variations]"
Add component (AddParameter): Name = "PackageDescription"; Value = "Chip Resistor"; VariantName = "[No Variations]"
Add component (AddParameter): Name = "PackageReference"; Value = "J1-0603"; VariantName = "[No Variations]"
Add component (AddParameter): Name = "Published"; Value = "8-Jun-2000"; VariantName = "[No Variations]"
Add component (AddParameter): Name = "Publisher"; Value = "Altium Limited"; VariantName = "[No Variations]"
Add component (AddParameter): Name = "Value"; Value = "1.5K"; VariantName = "[No Variations]"
Added Component: Designator=R8(J1-0603)
Add component. Clean all parameters for all variants
Add component (AddParameter): Name = "LatestRevisionDate"; Value = "29-May-2009"; VariantName = "[No Variations]"
Add component (AddParameter): Name = "LatestRevisionNote"; Value = "IPC-7351 Footprint Added."; VariantName = "[No Variations]"
Add component (AddParameter): Name = "PackageDescription"; Value = "Chip Resistor"; VariantName = "[No Variations]"
Add component (AddParameter): Name = "PackageReference"; Value = "J1-0603"; VariantName = "[No Variations]"
Add component (AddParameter): Name = "Published"; Value = "8-Jun-2000"; VariantName = "[No Variations]"
Add component (AddParameter): Name = "Publisher"; Value = "Altium Limited"; VariantName = "[No Variations]"
Add component (AddParameter): Name = "Value"; Value = "1.5K"; VariantName = "[No Variations]"
Added Component: Designator=R9(J1-0603)
Add component. Clean all parameters for all variants
Add component (AddParameter): Name = "LatestRevisionDate"; Value = "29-May-2009"; VariantName = "[No Variations]"
Add component (AddParameter): Name = "LatestRevisionNote"; Value = "IPC-7351 Footprint Added."; VariantName = "[No Variations]"
Add component (AddParameter): Name = "PackageDescription"; Value = "Chip Resistor"; VariantName = "[No Variations]"
Add component (AddParameter): Name = "PackageReference"; Value = "J1-0603"; VariantName = "[No Variations]"
Add component (AddParameter): Name = "Published"; Value = "8-Jun-2000"; VariantName = "[No Variations]"
Add component (AddParameter): Name = "Publisher"; Value = "Altium Limited"; VariantName = "[No Variations]"
Add component (AddParameter): Name = "Value"; Value = "1.5K"; VariantName = "[No Variations]"
Added Component: Designator=R10(J1-0603)
Add component. Clean all parameters for all variants
Add component (AddParameter): Name = "LatestRevisionDate"; Value = "29-May-2009"; VariantName = "[No Variations]"
Add component (AddParameter): Name = "LatestRevisionNote"; Value = "IPC-7351 Footprint Added."; VariantName = "[No Variations]"
Add component (AddParameter): Name = "PackageDescription"; Value = "Chip Resistor"; VariantName = "[No Variations]"
Add component (AddParameter): Name = "PackageReference"; Value = "J1-0603"; VariantName = "[No Variations]"
Add component (AddParameter): Name = "Published"; Value = "8-Jun-2000"; VariantName = "[No Variations]"
Add component (AddParameter): Name = "Publisher"; Value = "Altium Limited"; VariantName = "[No Variations]"
Add component (AddParameter): Name = "Value"; Value = "1.5K"; VariantName = "[No Variations]"
Added Component: Designator=T1(TO255P460X1020X2008-3P)
Add component. Clean all parameters for all variants
Add component (AddParameter): Name = "Datasheet Link"; Value = "https://www.st.com/resource/en/datasheet/cd00000911.pdf"; VariantName = "[No Variations]"
Add component (AddParameter): Name = "Height"; Value = "4.6mm"; VariantName = "[No Variations]"
Add component (AddParameter): Name = "Manufacturer_Name"; Value = "STMicroelectronics"; VariantName = "[No Variations]"
Add component (AddParameter): Name = "Manufacturer_Part_Number"; Value = "TIP120"; VariantName = "[No Variations]"
Add component (AddParameter): Name = "Mouser Part Number"; Value = "511-TIP120"; VariantName = "[No Variations]"
Add component (AddParameter): Name = "Mouser Price/Stock"; Value = "https://www.mouser.com/Search/Refine.aspx?Keyword=511-TIP120"; VariantName = "[No Variations]"
Add component (AddParameter): Name = "RS Part Number"; Value = "3133175"; VariantName = "[No Variations]"
Add component (AddParameter): Name = "RS Price/Stock"; Value = "http://uk.rs-online.com/web/p/products/3133175"; VariantName = "[No Variations]"
Added Component: Designator=T2(TO255P460X1020X2008-3P)
Add component. Clean all parameters for all variants
Add component (AddParameter): Name = "Datasheet Link"; Value = "https://www.st.com/resource/en/datasheet/cd00000911.pdf"; VariantName = "[No Variations]"
Add component (AddParameter): Name = "Height"; Value = "4.6mm"; VariantName = "[No Variations]"
Add component (AddParameter): Name = "Manufacturer_Name"; Value = "STMicroelectronics"; VariantName = "[No Variations]"
Add component (AddParameter): Name = "Manufacturer_Part_Number"; Value = "TIP120"; VariantName = "[No Variations]"
Add component (AddParameter): Name = "Mouser Part Number"; Value = "511-TIP120"; VariantName = "[No Variations]"
Add component (AddParameter): Name = "Mouser Price/Stock"; Value = "https://www.mouser.com/Search/Refine.aspx?Keyword=511-TIP120"; VariantName = "[No Variations]"
Add component (AddParameter): Name = "RS Part Number"; Value = "3133175"; VariantName = "[No Variations]"
Add component (AddParameter): Name = "RS Price/Stock"; Value = "http://uk.rs-online.com/web/p/products/3133175"; VariantName = "[No Variations]"
Added Component: Designator=T3(TO255P460X1020X2008-3P)
Add component. Clean all parameters for all variants
Add component (AddParameter): Name = "Datasheet Link"; Value = "https://www.st.com/resource/en/datasheet/cd00000911.pdf"; VariantName = "[No Variations]"
Add component (AddParameter): Name = "Height"; Value = "4.6mm"; VariantName = "[No Variations]"
Add component (AddParameter): Name = "Manufacturer_Name"; Value = "STMicroelectronics"; VariantName = "[No Variations]"
Add component (AddParameter): Name = "Manufacturer_Part_Number"; Value = "TIP120"; VariantName = "[No Variations]"
Add component (AddParameter): Name = "Mouser Part Number"; Value = "511-TIP120"; VariantName = "[No Variations]"
Add component (AddParameter): Name = "Mouser Price/Stock"; Value = "https://www.mouser.com/Search/Refine.aspx?Keyword=511-TIP120"; VariantName = "[No Variations]"
Add component (AddParameter): Name = "RS Part Number"; Value = "3133175"; VariantName = "[No Variations]"
Add component (AddParameter): Name = "RS Price/Stock"; Value = "http://uk.rs-online.com/web/p/products/3133175"; VariantName = "[No Variations]"
Added Component: Designator=T4(TO255P460X1020X2008-3P)
Add component. Clean all parameters for all variants
Add component (AddParameter): Name = "Datasheet Link"; Value = "https://www.st.com/resource/en/datasheet/cd00000911.pdf"; VariantName = "[No Variations]"
Add component (AddParameter): Name = "Height"; Value = "4.6mm"; VariantName = "[No Variations]"
Add component (AddParameter): Name = "Manufacturer_Name"; Value = "STMicroelectronics"; VariantName = "[No Variations]"
Add component (AddParameter): Name = "Manufacturer_Part_Number"; Value = "TIP120"; VariantName = "[No Variations]"
Add component (AddParameter): Name = "Mouser Part Number"; Value = "511-TIP120"; VariantName = "[No Variations]"
Add component (AddParameter): Name = "Mouser Price/Stock"; Value = "https://www.mouser.com/Search/Refine.aspx?Keyword=511-TIP120"; VariantName = "[No Variations]"
Add component (AddParameter): Name = "RS Part Number"; Value = "3133175"; VariantName = "[No Variations]"
Add component (AddParameter): Name = "RS Price/Stock"; Value = "http://uk.rs-online.com/web/p/products/3133175"; VariantName = "[No Variations]"
Added Component: Designator=T5(TO255P460X1020X2008-3P)
Add component. Clean all parameters for all variants
Add component (AddParameter): Name = "Datasheet Link"; Value = "https://www.st.com/resource/en/datasheet/cd00000911.pdf"; VariantName = "[No Variations]"
Add component (AddParameter): Name = "Height"; Value = "4.6mm"; VariantName = "[No Variations]"
Add component (AddParameter): Name = "Manufacturer_Name"; Value = "STMicroelectronics"; VariantName = "[No Variations]"
Add component (AddParameter): Name = "Manufacturer_Part_Number"; Value = "TIP120"; VariantName = "[No Variations]"
Add component (AddParameter): Name = "Mouser Part Number"; Value = "511-TIP120"; VariantName = "[No Variations]"
Add component (AddParameter): Name = "Mouser Price/Stock"; Value = "https://www.mouser.com/Search/Refine.aspx?Keyword=511-TIP120"; VariantName = "[No Variations]"
Add component (AddParameter): Name = "RS Part Number"; Value = "3133175"; VariantName = "[No Variations]"
Add component (AddParameter): Name = "RS Price/Stock"; Value = "http://uk.rs-online.com/web/p/products/3133175"; VariantName = "[No Variations]"
Added Component: Designator=T6(TO255P460X1020X2008-3P)
Add component. Clean all parameters for all variants
Add component (AddParameter): Name = "Datasheet Link"; Value = "https://www.st.com/resource/en/datasheet/cd00000911.pdf"; VariantName = "[No Variations]"
Add component (AddParameter): Name = "Height"; Value = "4.6mm"; VariantName = "[No Variations]"
Add component (AddParameter): Name = "Manufacturer_Name"; Value = "STMicroelectronics"; VariantName = "[No Variations]"
Add component (AddParameter): Name = "Manufacturer_Part_Number"; Value = "TIP120"; VariantName = "[No Variations]"
Add component (AddParameter): Name = "Mouser Part Number"; Value = "511-TIP120"; VariantName = "[No Variations]"
Add component (AddParameter): Name = "Mouser Price/Stock"; Value = "https://www.mouser.com/Search/Refine.aspx?Keyword=511-TIP120"; VariantName = "[No Variations]"
Add component (AddParameter): Name = "RS Part Number"; Value = "3133175"; VariantName = "[No Variations]"
Add component (AddParameter): Name = "RS Price/Stock"; Value = "http://uk.rs-online.com/web/p/products/3133175"; VariantName = "[No Variations]"
Added Component: Designator=T7(TO255P460X1020X2008-3P)
Add component. Clean all parameters for all variants
Add component (AddParameter): Name = "Datasheet Link"; Value = "https://www.st.com/resource/en/datasheet/cd00000911.pdf"; VariantName = "[No Variations]"
Add component (AddParameter): Name = "Height"; Value = "4.6mm"; VariantName = "[No Variations]"
Add component (AddParameter): Name = "Manufacturer_Name"; Value = "STMicroelectronics"; VariantName = "[No Variations]"
Add component (AddParameter): Name = "Manufacturer_Part_Number"; Value = "TIP120"; VariantName = "[No Variations]"
Add component (AddParameter): Name = "Mouser Part Number"; Value = "511-TIP120"; VariantName = "[No Variations]"
Add component (AddParameter): Name = "Mouser Price/Stock"; Value = "https://www.mouser.com/Search/Refine.aspx?Keyword=511-TIP120"; VariantName = "[No Variations]"
Add component (AddParameter): Name = "RS Part Number"; Value = "3133175"; VariantName = "[No Variations]"
Add component (AddParameter): Name = "RS Price/Stock"; Value = "http://uk.rs-online.com/web/p/products/3133175"; VariantName = "[No Variations]"
Added Component: Designator=T8(TO255P460X1020X2008-3P)
Add component. Clean all parameters for all variants
Add component (AddParameter): Name = "Datasheet Link"; Value = "https://www.st.com/resource/en/datasheet/cd00000911.pdf"; VariantName = "[No Variations]"
Add component (AddParameter): Name = "Height"; Value = "4.6mm"; VariantName = "[No Variations]"
Add component (AddParameter): Name = "Manufacturer_Name"; Value = "STMicroelectronics"; VariantName = "[No Variations]"
Add component (AddParameter): Name = "Manufacturer_Part_Number"; Value = "TIP120"; VariantName = "[No Variations]"
Add component (AddParameter): Name = "Mouser Part Number"; Value = "511-TIP120"; VariantName = "[No Variations]"
Add component (AddParameter): Name = "Mouser Price/Stock"; Value = "https://www.mouser.com/Search/Refine.aspx?Keyword=511-TIP120"; VariantName = "[No Variations]"
Add component (AddParameter): Name = "RS Part Number"; Value = "3133175"; VariantName = "[No Variations]"
Add component (AddParameter): Name = "RS Price/Stock"; Value = "http://uk.rs-online.com/web/p/products/3133175"; VariantName = "[No Variations]"
Added Pin To Net: NetName=GND Pin=A1-9
Added Pin To Net: NetName=VDD5 Pin=J1-1
Added Pin To Net: NetName=VDD5 Pin=J2-1
Added Pin To Net: NetName=VDD5 Pin=J3-1
Added Pin To Net: NetName=VDD5 Pin=J4-1
Added Pin To Net: NetName=NetIC1_3 Pin=O1-1
Added Pin To Net: NetName=NetIC1_2 Pin=O1-2
Added Pin To Net: NetName=EXVCC Pin=P1-1
Added Pin To Net: NetName=GND Pin=P1-2
Added Pin To Net: NetName=BUSJ Pin=P1-3
Added Pin To Net: NetName=GND Pin=P2-2
Added Pin To Net: NetName=BUSJ Pin=R2-1
Added Pin To Net: NetName=VDD5 Pin=R2-2
Added Pin To Net: NetName=GND Pin=T1-3
Added Pin To Net: NetName=GND Pin=T2-3
Added Pin To Net: NetName=GND Pin=T3-3
Added Pin To Net: NetName=GND Pin=T4-3
Added Pin To Net: NetName=GND Pin=T5-3
Added Pin To Net: NetName=GND Pin=T6-3
Added Pin To Net: NetName=GND Pin=T7-3
Added Pin To Net: NetName=GND Pin=T8-3
Added Pin To Net: NetName=+12V Pin=L1-3
Added Pin To Net: NetName=+12V Pin=L2-3
Added Pin To Net: NetName=+12V Pin=P2-1
Added Net: Name=+12V
Added Pin To Net: NetName=J1VD Pin=J1-4
Added Pin To Net: NetName=J1VD Pin=T1-2
Added Net: Name=J1VD
Added Pin To Net: NetName=J2VD Pin=J2-4
Added Pin To Net: NetName=J2VD Pin=T2-2
Added Net: Name=J2VD
Added Pin To Net: NetName=J3VD Pin=J3-4
Added Pin To Net: NetName=J3VD Pin=T3-2
Added Net: Name=J3VD
Added Pin To Net: NetName=J4VD Pin=J4-4
Added Pin To Net: NetName=J4VD Pin=T4-2
Added Net: Name=J4VD
Added Pin To Net: NetName=NetR3_2 Pin=R3-2
Added Pin To Net: NetName=NetR3_2 Pin=T5-1
Added Net: Name=NetR3_2
Added Pin To Net: NetName=NetR4_2 Pin=R4-2
Added Pin To Net: NetName=NetR4_2 Pin=T6-1
Added Net: Name=NetR4_2
Added Pin To Net: NetName=NetR5_2 Pin=R5-2
Added Pin To Net: NetName=NetR5_2 Pin=T7-1
Added Net: Name=NetR5_2
Added Pin To Net: NetName=NetR6_2 Pin=R6-2
Added Pin To Net: NetName=NetR6_2 Pin=T8-1
Added Net: Name=NetR6_2
Added Pin To Net: NetName=NetR7_2 Pin=R7-2
Added Pin To Net: NetName=NetR7_2 Pin=T1-1
Added Net: Name=NetR7_2
Added Pin To Net: NetName=NetR8_2 Pin=R8-2
Added Pin To Net: NetName=NetR8_2 Pin=T2-1
Added Net: Name=NetR8_2
Added Pin To Net: NetName=NetR9_2 Pin=R9-2
Added Pin To Net: NetName=NetR9_2 Pin=T3-1
Added Net: Name=NetR9_2
Added Pin To Net: NetName=NetR10_2 Pin=R10-2
Added Pin To Net: NetName=NetR10_2 Pin=T4-1
Added Net: Name=NetR10_2
Added Pin To Net: NetName=P1GA Pin=A1-5
Added Pin To Net: NetName=P1GA Pin=R3-1
Added Net: Name=P1GA
Added Pin To Net: NetName=P1G Pin=L2-2
Added Pin To Net: NetName=P1G Pin=T5-2
Added Net: Name=P1G
Added Pin To Net: NetName=P1RA Pin=A1-6
Added Pin To Net: NetName=P1RA Pin=R4-1
Added Net: Name=P1RA
Added Pin To Net: NetName=P1R Pin=L2-1
Added Pin To Net: NetName=P1R Pin=T6-2
Added Net: Name=P1R
Added Pin To Net: NetName=P2GA Pin=A1-7
Added Pin To Net: NetName=P2GA Pin=R5-1
Added Net: Name=P2GA
Added Pin To Net: NetName=P2G Pin=L1-2
Added Pin To Net: NetName=P2G Pin=T7-2
Added Net: Name=P2G
Added Pin To Net: NetName=P2RA Pin=A1-8
Added Pin To Net: NetName=P2RA Pin=R6-1
Added Net: Name=P2RA
Added Pin To Net: NetName=P2R Pin=L1-1
Added Pin To Net: NetName=P2R Pin=T8-2
Added Net: Name=P2R
Added Pin To Net: NetName=USB1 Pin=A1-1
Added Pin To Net: NetName=USB1 Pin=R7-1
Added Net: Name=USB1
Added Pin To Net: NetName=USB2 Pin=A1-2
Added Pin To Net: NetName=USB2 Pin=R8-1
Added Net: Name=USB2
Added Pin To Net: NetName=USB3 Pin=A1-3
Added Pin To Net: NetName=USB3 Pin=R9-1
Added Net: Name=USB3
Added Pin To Net: NetName=USB4 Pin=A1-4
Added Pin To Net: NetName=USB4 Pin=R10-1
Added Net: Name=USB4
Added Class: Name=USB_Arduino
Added Member To Class: ClassName=USB_Board Member=Component A1 Header 9
Added Member To Class: ClassName=USB_Board Member=Component L1 Header 3
Added Member To Class: ClassName=USB_Board Member=Component L2 Header 3
Added Member To Class: ClassName=USB_Board Member=Component O1 ECS-120-20-4
Added Member To Class: ClassName=USB_Board Member=Component P2 Header 2
Added Member To Class: ClassName=USB_Board Member=Component R2 Pullup
Added Member To Class: ClassName=USB_Board Member=Component R3 Res3
Added Member To Class: ClassName=USB_Board Member=Component R4 Res3
Added Member To Class: ClassName=USB_Board Member=Component R5 Res3
Added Member To Class: ClassName=USB_Board Member=Component R6 Res3
Added Member To Class: ClassName=USB_Board Member=Component R7 Res3
Added Member To Class: ClassName=USB_Board Member=Component R8 Res3
Added Member To Class: ClassName=USB_Board Member=Component R9 Res3
Added Member To Class: ClassName=USB_Board Member=Component R10 Res3
Added Member To Class: ClassName=USB_Board Member=Component T1 TIP120
Added Member To Class: ClassName=USB_Board Member=Component T2 TIP120
Added Member To Class: ClassName=USB_Board Member=Component T3 TIP120
Added Member To Class: ClassName=USB_Board Member=Component T4 TIP120
Added Member To Class: ClassName=USB_Board Member=Component T5 TIP120
Added Member To Class: ClassName=USB_Board Member=Component T6 TIP120
Added Member To Class: ClassName=USB_Board Member=Component T7 TIP120
Added Member To Class: ClassName=USB_Board Member=Component T8 TIP120
Added Room: Name=USB_Arduino
