Added Component: Designator=IN1(USB-2.0-TYPE-A)
Add component. Clean all parameters for all variants
Add component (AddParameter): Name = "Datasheet Link"; Value = "http://katalog.we-online.de/em/datasheet/614004190021.pdf"; VariantName = "[No Variations]"
Add component (AddParameter): Name = "Manufacturer_Name"; Value = "Wurth Elektronik"; VariantName = "[No Variations]"
Add component (AddParameter): Name = "Manufacturer_Part_Number"; Value = "614004190021"; VariantName = "[No Variations]"
Add component (AddParameter): Name = "Mouser Part Number"; Value = "710-614004190021"; VariantName = "[No Variations]"
Add component (AddParameter): Name = "Mouser Price/Stock"; Value = "https://www.mouser.com/Search/Refine.aspx?Keyword=710-614004190021"; VariantName = "[No Variations]"
Add component (AddParameter): Name = "RS Part Number"; Value = "1622149"; VariantName = "[No Variations]"
Add component (AddParameter): Name = "RS Price/Stock"; Value = "http://uk.rs-online.com/web/p/products/1622149"; VariantName = "[No Variations]"
Added Component: Designator=R1(J1-0603)
Add component. Clean all parameters for all variants
Add component (AddParameter): Name = "LatestRevisionDate"; Value = "29-May-2009"; VariantName = "[No Variations]"
Add component (AddParameter): Name = "LatestRevisionNote"; Value = "IPC-7351 Footprint Added."; VariantName = "[No Variations]"
Add component (AddParameter): Name = "PackageDescription"; Value = "Chip Resistor"; VariantName = "[No Variations]"
Add component (AddParameter): Name = "PackageReference"; Value = "J1-0603"; VariantName = "[No Variations]"
Add component (AddParameter): Name = "Published"; Value = "8-Jun-2000"; VariantName = "[No Variations]"
Add component (AddParameter): Name = "Publisher"; Value = "Altium Limited"; VariantName = "[No Variations]"
Add component (AddParameter): Name = "Value"; Value = "2.7K"; VariantName = "[No Variations]"
Added Component: Designator=S1(MHS122K)
Add component. Clean all parameters for all variants
Add component (AddParameter): Name = "Datasheet Link"; Value = "https://componentsearchengine.com/Datasheets/1/MHS122K.pdf"; VariantName = "[No Variations]"
Add component (AddParameter): Name = "Height"; Value = "17mm"; VariantName = "[No Variations]"
Add component (AddParameter): Name = "Manufacturer_Name"; Value = "Apem"; VariantName = "[No Variations]"
Add component (AddParameter): Name = "Manufacturer_Part_Number"; Value = "MHS122K"; VariantName = "[No Variations]"
Add component (AddParameter): Name = "Mouser Part Number"; Value = "642-MHS122K"; VariantName = "[No Variations]"
Add component (AddParameter): Name = "Mouser Price/Stock"; Value = "https://www.mouser.com/Search/Refine.aspx?Keyword=642-MHS122K"; VariantName = "[No Variations]"
Add component (AddParameter): Name = "RS Part Number"; Value = ""; VariantName = "[No Variations]"
Add component (AddParameter): Name = "RS Price/Stock"; Value = ""; VariantName = "[No Variations]"
Added Pin To Net: NetName=GND Pin=IC1-19
Added Pin To Net: NetName=VDD5 Pin=IN1-1
Added Pin To Net: NetName=GND Pin=IN1-4
Added Pin To Net: NetName=VDD5 Pin=J1-1
Added Pin To Net: NetName=GND Pin=J1-4
Added Pin To Net: NetName=VDD5 Pin=J2-1
Added Pin To Net: NetName=GND Pin=J2-4
Added Pin To Net: NetName=VDD5 Pin=J3-1
Added Pin To Net: NetName=GND Pin=J3-4
Added Pin To Net: NetName=VDD5 Pin=J4-1
Added Pin To Net: NetName=GND Pin=J4-4
Added Pin To Net: NetName=GND Pin=R1-1
Added Pin To Net: NetName=DM1 Pin=IC1-10
Added Pin To Net: NetName=DM1 Pin=J1-2
Added Net: Name=DM1
Added Pin To Net: NetName=DM2 Pin=IC1-8
Added Pin To Net: NetName=DM2 Pin=J2-2
Added Net: Name=DM2
Added Pin To Net: NetName=DM3 Pin=IC1-6
Added Pin To Net: NetName=DM3 Pin=J3-2
Added Net: Name=DM3
Added Pin To Net: NetName=DM4 Pin=IC1-4
Added Pin To Net: NetName=DM4 Pin=J4-2
Added Net: Name=DM4
Added Pin To Net: NetName=DMU Pin=IC1-15
Added Pin To Net: NetName=DMU Pin=IN1-2
Added Net: Name=DMU
Added Pin To Net: NetName=DP1 Pin=IC1-11
Added Pin To Net: NetName=DP1 Pin=J1-3
Added Net: Name=DP1
Added Pin To Net: NetName=DP2 Pin=IC1-9
Added Pin To Net: NetName=DP2 Pin=J2-3
Added Net: Name=DP2
Added Pin To Net: NetName=DP3 Pin=IC1-7
Added Pin To Net: NetName=DP3 Pin=J3-3
Added Net: Name=DP3
Added Pin To Net: NetName=DP4 Pin=IC1-5
Added Pin To Net: NetName=DP4 Pin=J4-3
Added Net: Name=DP4
Added Pin To Net: NetName=DPU Pin=IC1-16
Added Pin To Net: NetName=DPU Pin=IN1-3
Added Net: Name=DPU
Added Pin To Net: NetName=NetIC1_14 Pin=IC1-14
Added Pin To Net: NetName=NetIC1_14 Pin=R1-2
Added Net: Name=NetIC1_14
Added Pin To Net: NetName=VD18 Pin=C1-1
Added Pin To Net: NetName=VD18 Pin=IC1-12
Added Pin To Net: NetName=VD18 Pin=IC1-28
Added Net: Name=VD18
Added Pin To Net: NetName=VD33 Pin=C2-1
Added Pin To Net: NetName=VD33 Pin=IC1-13
Added Pin To Net: NetName=VD33 Pin=IC1-17
Added Pin To Net: NetName=VD33 Pin=IC1-18
Added Pin To Net: NetName=VD33 Pin=IC1-21
Added Net: Name=VD33
Added Member To Class: ClassName=USB_Board Member=Component IN1 614004190021
Added Member To Class: ClassName=USB_Board Member=Component R1 REXT
Added Member To Class: ClassName=USB_Board Member=Component S1 MHS122K
